2023-06-28 13:07:52,786 [Worker-1: Loading available Gradle versions] INFO  o.e.b.c.i.u.g.PublishedGradleVersions - Gradle version information cache is up-to-date. Trying to read.
2023-06-28 13:13:16,473 [Worker-3: Loading available Gradle versions] INFO  o.e.b.c.i.u.g.PublishedGradleVersions - Gradle version information cache is up-to-date. Trying to read.
2023-06-30 12:31:53,243 [Worker-10: Loading available Gradle versions] INFO  o.e.b.c.i.u.g.PublishedGradleVersions - Gradle version information cache is out-of-date. Trying to update.
2023-06-30 12:32:04,432 [Worker-10: Loading available Gradle versions] INFO  o.e.b.c.i.u.g.PublishedGradleVersions - Updating Gradle version information cache failed. Using outdated cache.
2023-06-30 16:15:41,400 [Worker-13: Loading available Gradle versions] INFO  o.e.b.c.i.u.g.PublishedGradleVersions - Gradle version information cache is out-of-date. Trying to update.
2023-07-01 09:44:22,905 [Worker-1: Loading available Gradle versions] INFO  o.e.b.c.i.u.g.PublishedGradleVersions - Gradle version information cache is up-to-date. Trying to read.
2023-07-03 07:42:53,486 [Worker-3: Loading available Gradle versions] INFO  o.e.b.c.i.u.g.PublishedGradleVersions - Gradle version information cache is out-of-date. Trying to update.
2023-07-04 12:55:08,264 [Worker-22: Loading available Gradle versions] INFO  o.e.b.c.i.u.g.PublishedGradleVersions - Gradle version information cache is out-of-date. Trying to update.
2023-07-05 12:24:35,905 [Worker-5: Loading available Gradle versions] INFO  o.e.b.c.i.u.g.PublishedGradleVersions - Gradle version information cache is up-to-date. Trying to read.
2023-07-06 12:44:38,183 [Worker-12: Loading available Gradle versions] INFO  o.e.b.c.i.u.g.PublishedGradleVersions - Gradle version information cache is up-to-date. Trying to read.
2023-07-07 12:37:44,203 [Worker-6: Loading available Gradle versions] INFO  o.e.b.c.i.u.g.PublishedGradleVersions - Gradle version information cache is out-of-date. Trying to update.
<<<<<<< HEAD
2023-07-07 18:42:32,412 [Worker-8: Loading available Gradle versions] INFO  o.e.b.c.i.u.g.PublishedGradleVersions - Gradle version information cache is up-to-date. Trying to read.
2023-07-12 12:47:49,207 [Worker-3: Loading available Gradle versions] INFO  o.e.b.c.i.u.g.PublishedGradleVersions - Gradle version information cache is out-of-date. Trying to update.
=======
2023-07-10 09:32:40,961 [Worker-21: Loading available Gradle versions] INFO  o.e.b.c.i.u.g.PublishedGradleVersions - Gradle version information cache is up-to-date. Trying to read.
2023-07-10 09:33:08,145 [Worker-1: Loading available Gradle versions] INFO  o.e.b.c.i.u.g.PublishedGradleVersions - Gradle version information cache is up-to-date. Trying to read.
2023-07-10 09:59:09,492 [Worker-6: Loading available Gradle versions] INFO  o.e.b.c.i.u.g.PublishedGradleVersions - Gradle version information cache is up-to-date. Trying to read.
2023-07-10 12:44:36,443 [Worker-2: Loading available Gradle versions] INFO  o.e.b.c.i.u.g.PublishedGradleVersions - Gradle version information cache is up-to-date. Trying to read.
2023-07-10 15:32:38,784 [Worker-0: Loading available Gradle versions] INFO  o.e.b.c.i.u.g.PublishedGradleVersions - Gradle version information cache is up-to-date. Trying to read.
2023-07-10 15:34:05,199 [Worker-1: Loading available Gradle versions] INFO  o.e.b.c.i.u.g.PublishedGradleVersions - Gradle version information cache is up-to-date. Trying to read.
2023-07-10 19:00:44,252 [Worker-1: Loading available Gradle versions] INFO  o.e.b.c.i.u.g.PublishedGradleVersions - Gradle version information cache is up-to-date. Trying to read.
2023-07-10 19:04:57,483 [Worker-1: Loading available Gradle versions] INFO  o.e.b.c.i.u.g.PublishedGradleVersions - Gradle version information cache is up-to-date. Trying to read.
2023-07-12 16:53:53,358 [Worker-1: Loading available Gradle versions] INFO  o.e.b.c.i.u.g.PublishedGradleVersions - Gradle version information cache is up-to-date. Trying to read.
2023-07-12 21:16:12,070 [Worker-1: Loading available Gradle versions] INFO  o.e.b.c.i.u.g.PublishedGradleVersions - Gradle version information cache is out-of-date. Trying to update.
<<<<<<< HEAD
2023-07-12 21:19:28,971 [Worker-1: Loading available Gradle versions] INFO  o.e.b.c.i.u.g.PublishedGradleVersions - Gradle version information cache is up-to-date. Trying to read.
2023-07-12 21:21:17,200 [Worker-5: Loading available Gradle versions] INFO  o.e.b.c.i.u.g.PublishedGradleVersions - Gradle version information cache is up-to-date. Trying to read.
2023-07-12 21:23:33,939 [Worker-1: Loading available Gradle versions] INFO  o.e.b.c.i.u.g.PublishedGradleVersions - Gradle version information cache is up-to-date. Trying to read.
=======
>>>>>>> 0a480fb7abdf17f05f5024a0755eaeb6de71c87e
>>>>>>> 7601dc7579a2d7dad07145ff00936b37eb7593e3
2023-07-13 12:31:36,586 [Worker-4: Loading available Gradle versions] INFO  o.e.b.c.i.u.g.PublishedGradleVersions - Gradle version information cache is up-to-date. Trying to read.
2023-07-13 13:24:40,051 [Worker-4: Loading available Gradle versions] INFO  o.e.b.c.i.u.g.PublishedGradleVersions - Gradle version information cache is up-to-date. Trying to read.
2023-07-13 15:34:30,887 [Worker-2: Loading available Gradle versions] INFO  o.e.b.c.i.u.g.PublishedGradleVersions - Gradle version information cache is up-to-date. Trying to read.
2023-07-13 16:04:24,068 [Worker-2: Loading available Gradle versions] INFO  o.e.b.c.i.u.g.PublishedGradleVersions - Gradle version information cache is up-to-date. Trying to read.
2023-07-13 16:27:18,742 [Worker-4: Loading available Gradle versions] INFO  o.e.b.c.i.u.g.PublishedGradleVersions - Gradle version information cache is up-to-date. Trying to read.
2023-07-13 20:54:45,733 [Worker-4: Loading available Gradle versions] INFO  o.e.b.c.i.u.g.PublishedGradleVersions - Gradle version information cache is up-to-date. Trying to read.
2023-07-13 20:57:49,374 [Worker-0: Loading available Gradle versions] INFO  o.e.b.c.i.u.g.PublishedGradleVersions - Gradle version information cache is up-to-date. Trying to read.
2023-07-14 19:57:32,479 [Worker-4: Loading available Gradle versions] INFO  o.e.b.c.i.u.g.PublishedGradleVersions - Gradle version information cache is up-to-date. Trying to read.
2023-07-14 20:47:30,185 [Worker-2: Loading available Gradle versions] INFO  o.e.b.c.i.u.g.PublishedGradleVersions - Gradle version information cache is up-to-date. Trying to read.
2023-07-15 15:07:38,119 [Worker-6: Loading available Gradle versions] INFO  o.e.b.c.i.u.g.PublishedGradleVersions - Gradle version information cache is up-to-date. Trying to read.
2023-07-16 08:15:24,708 [Worker-4: Loading available Gradle versions] INFO  o.e.b.c.i.u.g.PublishedGradleVersions - Gradle version information cache is out-of-date. Trying to update.
2023-07-17 18:29:49,510 [Worker-7: Loading available Gradle versions] INFO  o.e.b.c.i.u.g.PublishedGradleVersions - Gradle version information cache is up-to-date. Trying to read.
2023-07-17 19:04:22,204 [Worker-2: Loading available Gradle versions] INFO  o.e.b.c.i.u.g.PublishedGradleVersions - Gradle version information cache is up-to-date. Trying to read.
2023-07-18 15:36:16,556 [Worker-1: Loading available Gradle versions] INFO  o.e.b.c.i.u.g.PublishedGradleVersions - Gradle version information cache is out-of-date. Trying to update.
2023-07-18 15:36:17,078 [Worker-1: Loading available Gradle versions] INFO  o.e.b.c.i.u.g.PublishedGradleVersions - Updating Gradle version information cache failed. Using outdated cache.
2023-07-19 17:52:31,074 [Worker-2: Loading available Gradle versions] INFO  o.e.b.c.i.u.g.PublishedGradleVersions - Gradle version information cache is up-to-date. Trying to read.
2023-07-20 10:30:25,494 [Worker-2: Loading available Gradle versions] INFO  o.e.b.c.i.u.g.PublishedGradleVersions - Gradle version information cache is out-of-date. Trying to update.
2023-07-20 10:30:26,095 [Worker-2: Loading available Gradle versions] INFO  o.e.b.c.i.u.g.PublishedGradleVersions - Updating Gradle version information cache failed. Using outdated cache.
2023-07-20 15:42:44,639 [Worker-3: Loading available Gradle versions] INFO  o.e.b.c.i.u.g.PublishedGradleVersions - Gradle version information cache is up-to-date. Trying to read.
2023-07-20 19:33:11,533 [Worker-3: Loading available Gradle versions] INFO  o.e.b.c.i.u.g.PublishedGradleVersions - Gradle version information cache is up-to-date. Trying to read.
2023-07-21 09:10:06,940 [Worker-1: Loading available Gradle versions] INFO  o.e.b.c.i.u.g.PublishedGradleVersions - Gradle version information cache is up-to-date. Trying to read.
2023-07-22 13:50:40,619 [Worker-4: Loading available Gradle versions] INFO  o.e.b.c.i.u.g.PublishedGradleVersions - Gradle version information cache is out-of-date. Trying to update.
2023-07-22 13:50:41,235 [Worker-4: Loading available Gradle versions] INFO  o.e.b.c.i.u.g.PublishedGradleVersions - Updating Gradle version information cache failed. Using outdated cache.
<<<<<<< HEAD
2023-07-24 11:21:57,332 [Worker-2: Loading available Gradle versions] INFO  o.e.b.c.i.u.g.PublishedGradleVersions - Gradle version information cache is out-of-date. Trying to update.
2023-07-24 11:21:57,928 [Worker-2: Loading available Gradle versions] INFO  o.e.b.c.i.u.g.PublishedGradleVersions - Updating Gradle version information cache failed. Using outdated cache.
=======
2023-07-24 11:48:09,008 [Worker-1: Loading available Gradle versions] INFO  o.e.b.c.i.u.g.PublishedGradleVersions - Gradle version information cache is out-of-date. Trying to update.
2023-07-24 11:48:52,949 [Worker-3: Loading available Gradle versions] INFO  o.e.b.c.i.u.g.PublishedGradleVersions - Gradle version information cache is up-to-date. Trying to read.
2023-07-26 12:58:31,918 [Worker-22: Loading available Gradle versions] INFO  o.e.b.c.i.u.g.PublishedGradleVersions - Gradle version information cache is out-of-date. Trying to update.
2023-07-27 12:44:21,689 [Worker-4: Loading available Gradle versions] INFO  o.e.b.c.i.u.g.PublishedGradleVersions - Gradle version information cache is up-to-date. Trying to read.
2023-07-27 13:30:28,515 [Worker-34: https://download.eclipse.org/technology/epp/packages/2022-12/202212011200/artifacts.jar] INFO  o.a.h.c.h.i.c.HttpRequestRetryExec - Recoverable I/O exception (java.net.SocketException) caught when processing request to {s}->https://download.eclipse.org:443
2023-07-28 12:35:10,187 [Worker-3: Loading available Gradle versions] INFO  o.e.b.c.i.u.g.PublishedGradleVersions - Gradle version information cache is out-of-date. Trying to update.
2023-07-29 13:13:53,803 [Worker-22: Loading available Gradle versions] INFO  o.e.b.c.i.u.g.PublishedGradleVersions - Gradle version information cache is out-of-date. Trying to update.
2023-07-31 11:47:55,020 [Worker-4: Loading available Gradle versions] INFO  o.e.b.c.i.u.g.PublishedGradleVersions - Gradle version information cache is out-of-date. Trying to update.
2023-08-01 12:24:40,673 [Worker-5: Loading available Gradle versions] INFO  o.e.b.c.i.u.g.PublishedGradleVersions - Gradle version information cache is out-of-date. Trying to update.
2023-08-01 13:57:04,128 [Worker-24: Launching mavenrun-8c2f196c-5f8d-4fe4-ab66-b07b712742cb] INFO  o.eclipse.m2e.core.internal.Bundles - getClasspathEntries(Bundle=org.eclipse.m2e.maven.runtime_3.8.604.20221130-2149 [1586])
2023-08-01 13:57:04,263 [Worker-24: Launching mavenrun-8c2f196c-5f8d-4fe4-ab66-b07b712742cb] INFO  o.eclipse.m2e.core.internal.Bundles - 	Entry: C:\Users\Dhananjay\.p2\pool\plugins\org.eclipse.m2e.maven.runtime_3.8.604.20221130-2149
2023-08-01 13:57:04,264 [Worker-24: Launching mavenrun-8c2f196c-5f8d-4fe4-ab66-b07b712742cb] INFO  o.eclipse.m2e.core.internal.Bundles - 	Entry: C:\Users\Dhananjay\.p2\pool\plugins\org.eclipse.m2e.maven.runtime_3.8.604.20221130-2149\jars\aether-connector-okhttp-0.17.8.jar
2023-08-01 13:57:04,264 [Worker-24: Launching mavenrun-8c2f196c-5f8d-4fe4-ab66-b07b712742cb] INFO  o.eclipse.m2e.core.internal.Bundles - 	Entry: C:\Users\Dhananjay\.p2\pool\plugins\org.eclipse.m2e.maven.runtime_3.8.604.20221130-2149\jars\commons-cli-1.4.jar
2023-08-01 13:57:04,264 [Worker-24: Launching mavenrun-8c2f196c-5f8d-4fe4-ab66-b07b712742cb] INFO  o.eclipse.m2e.core.internal.Bundles - 	Entry: C:\Users\Dhananjay\.p2\pool\plugins\org.eclipse.m2e.maven.runtime_3.8.604.20221130-2149\jars\commons-io-2.6.jar
2023-08-01 13:57:04,265 [Worker-24: Launching mavenrun-8c2f196c-5f8d-4fe4-ab66-b07b712742cb] INFO  o.eclipse.m2e.core.internal.Bundles - 	Entry: C:\Users\Dhananjay\.p2\pool\plugins\org.eclipse.m2e.maven.runtime_3.8.604.20221130-2149\jars\commons-lang3-3.8.1.jar
2023-08-01 13:57:04,265 [Worker-24: Launching mavenrun-8c2f196c-5f8d-4fe4-ab66-b07b712742cb] INFO  o.eclipse.m2e.core.internal.Bundles - 	Entry: C:\Users\Dhananjay\.p2\pool\plugins\org.eclipse.m2e.maven.runtime_3.8.604.20221130-2149\jars\guice-4.2.2-no_aop.jar
2023-08-01 13:57:04,265 [Worker-24: Launching mavenrun-8c2f196c-5f8d-4fe4-ab66-b07b712742cb] INFO  o.eclipse.m2e.core.internal.Bundles - 	Entry: C:\Users\Dhananjay\.p2\pool\plugins\org.eclipse.m2e.maven.runtime_3.8.604.20221130-2149\jars\jansi-2.4.0.jar
2023-08-01 13:57:04,265 [Worker-24: Launching mavenrun-8c2f196c-5f8d-4fe4-ab66-b07b712742cb] INFO  o.eclipse.m2e.core.internal.Bundles - 	Entry: C:\Users\Dhananjay\.p2\pool\plugins\org.eclipse.m2e.maven.runtime_3.8.604.20221130-2149\jars\maven-artifact-3.8.6.jar
2023-08-01 13:57:04,265 [Worker-24: Launching mavenrun-8c2f196c-5f8d-4fe4-ab66-b07b712742cb] INFO  o.eclipse.m2e.core.internal.Bundles - 	Entry: C:\Users\Dhananjay\.p2\pool\plugins\org.eclipse.m2e.maven.runtime_3.8.604.20221130-2149\jars\maven-builder-support-3.8.6.jar
2023-08-01 13:57:04,265 [Worker-24: Launching mavenrun-8c2f196c-5f8d-4fe4-ab66-b07b712742cb] INFO  o.eclipse.m2e.core.internal.Bundles - 	Entry: C:\Users\Dhananjay\.p2\pool\plugins\org.eclipse.m2e.maven.runtime_3.8.604.20221130-2149\jars\maven-compat-3.8.6.jar
2023-08-01 13:57:04,266 [Worker-24: Launching mavenrun-8c2f196c-5f8d-4fe4-ab66-b07b712742cb] INFO  o.eclipse.m2e.core.internal.Bundles - 	Entry: C:\Users\Dhananjay\.p2\pool\plugins\org.eclipse.m2e.maven.runtime_3.8.604.20221130-2149\jars\maven-core-3.8.6.jar
2023-08-01 13:57:04,266 [Worker-24: Launching mavenrun-8c2f196c-5f8d-4fe4-ab66-b07b712742cb] INFO  o.eclipse.m2e.core.internal.Bundles - 	Entry: C:\Users\Dhananjay\.p2\pool\plugins\org.eclipse.m2e.maven.runtime_3.8.604.20221130-2149\jars\maven-embedder-3.8.6.jar
2023-08-01 13:57:04,266 [Worker-24: Launching mavenrun-8c2f196c-5f8d-4fe4-ab66-b07b712742cb] INFO  o.eclipse.m2e.core.internal.Bundles - 	Entry: C:\Users\Dhananjay\.p2\pool\plugins\org.eclipse.m2e.maven.runtime_3.8.604.20221130-2149\jars\maven-model-3.8.6.jar
2023-08-01 13:57:04,266 [Worker-24: Launching mavenrun-8c2f196c-5f8d-4fe4-ab66-b07b712742cb] INFO  o.eclipse.m2e.core.internal.Bundles - 	Entry: C:\Users\Dhananjay\.p2\pool\plugins\org.eclipse.m2e.maven.runtime_3.8.604.20221130-2149\jars\maven-model-builder-3.8.6.jar
2023-08-01 13:57:04,266 [Worker-24: Launching mavenrun-8c2f196c-5f8d-4fe4-ab66-b07b712742cb] INFO  o.eclipse.m2e.core.internal.Bundles - 	Entry: C:\Users\Dhananjay\.p2\pool\plugins\org.eclipse.m2e.maven.runtime_3.8.604.20221130-2149\jars\maven-plugin-api-3.8.6.jar
2023-08-01 13:57:04,266 [Worker-24: Launching mavenrun-8c2f196c-5f8d-4fe4-ab66-b07b712742cb] INFO  o.eclipse.m2e.core.internal.Bundles - 	Entry: C:\Users\Dhananjay\.p2\pool\plugins\org.eclipse.m2e.maven.runtime_3.8.604.20221130-2149\jars\maven-repository-metadata-3.8.6.jar
2023-08-01 13:57:04,266 [Worker-24: Launching mavenrun-8c2f196c-5f8d-4fe4-ab66-b07b712742cb] INFO  o.eclipse.m2e.core.internal.Bundles - 	Entry: C:\Users\Dhananjay\.p2\pool\plugins\org.eclipse.m2e.maven.runtime_3.8.604.20221130-2149\jars\maven-resolver-api-1.6.3.jar
2023-08-01 13:57:04,267 [Worker-24: Launching mavenrun-8c2f196c-5f8d-4fe4-ab66-b07b712742cb] INFO  o.eclipse.m2e.core.internal.Bundles - 	Entry: C:\Users\Dhananjay\.p2\pool\plugins\org.eclipse.m2e.maven.runtime_3.8.604.20221130-2149\jars\maven-resolver-connector-basic-1.6.3.jar
2023-08-01 13:57:04,267 [Worker-24: Launching mavenrun-8c2f196c-5f8d-4fe4-ab66-b07b712742cb] INFO  o.eclipse.m2e.core.internal.Bundles - 	Entry: C:\Users\Dhananjay\.p2\pool\plugins\org.eclipse.m2e.maven.runtime_3.8.604.20221130-2149\jars\maven-resolver-impl-1.6.3.jar
2023-08-01 13:57:04,267 [Worker-24: Launching mavenrun-8c2f196c-5f8d-4fe4-ab66-b07b712742cb] INFO  o.eclipse.m2e.core.internal.Bundles - 	Entry: C:\Users\Dhananjay\.p2\pool\plugins\org.eclipse.m2e.maven.runtime_3.8.604.20221130-2149\jars\maven-resolver-provider-3.8.6.jar
2023-08-01 13:57:04,267 [Worker-24: Launching mavenrun-8c2f196c-5f8d-4fe4-ab66-b07b712742cb] INFO  o.eclipse.m2e.core.internal.Bundles - 	Entry: C:\Users\Dhananjay\.p2\pool\plugins\org.eclipse.m2e.maven.runtime_3.8.604.20221130-2149\jars\maven-resolver-spi-1.6.3.jar
2023-08-01 13:57:04,267 [Worker-24: Launching mavenrun-8c2f196c-5f8d-4fe4-ab66-b07b712742cb] INFO  o.eclipse.m2e.core.internal.Bundles - 	Entry: C:\Users\Dhananjay\.p2\pool\plugins\org.eclipse.m2e.maven.runtime_3.8.604.20221130-2149\jars\maven-resolver-transport-wagon-1.6.3.jar
2023-08-01 13:57:04,267 [Worker-24: Launching mavenrun-8c2f196c-5f8d-4fe4-ab66-b07b712742cb] INFO  o.eclipse.m2e.core.internal.Bundles - 	Entry: C:\Users\Dhananjay\.p2\pool\plugins\org.eclipse.m2e.maven.runtime_3.8.604.20221130-2149\jars\maven-resolver-util-1.6.3.jar
2023-08-01 13:57:04,268 [Worker-24: Launching mavenrun-8c2f196c-5f8d-4fe4-ab66-b07b712742cb] INFO  o.eclipse.m2e.core.internal.Bundles - 	Entry: C:\Users\Dhananjay\.p2\pool\plugins\org.eclipse.m2e.maven.runtime_3.8.604.20221130-2149\jars\maven-settings-3.8.6.jar
2023-08-01 13:57:04,268 [Worker-24: Launching mavenrun-8c2f196c-5f8d-4fe4-ab66-b07b712742cb] INFO  o.eclipse.m2e.core.internal.Bundles - 	Entry: C:\Users\Dhananjay\.p2\pool\plugins\org.eclipse.m2e.maven.runtime_3.8.604.20221130-2149\jars\maven-settings-builder-3.8.6.jar
2023-08-01 13:57:04,268 [Worker-24: Launching mavenrun-8c2f196c-5f8d-4fe4-ab66-b07b712742cb] INFO  o.eclipse.m2e.core.internal.Bundles - 	Entry: C:\Users\Dhananjay\.p2\pool\plugins\org.eclipse.m2e.maven.runtime_3.8.604.20221130-2149\jars\maven-shared-utils-3.3.4.jar
2023-08-01 13:57:04,268 [Worker-24: Launching mavenrun-8c2f196c-5f8d-4fe4-ab66-b07b712742cb] INFO  o.eclipse.m2e.core.internal.Bundles - 	Entry: C:\Users\Dhananjay\.p2\pool\plugins\org.eclipse.m2e.maven.runtime_3.8.604.20221130-2149\jars\okhttp-3.14.1.jar
2023-08-01 13:57:04,268 [Worker-24: Launching mavenrun-8c2f196c-5f8d-4fe4-ab66-b07b712742cb] INFO  o.eclipse.m2e.core.internal.Bundles - 	Entry: C:\Users\Dhananjay\.p2\pool\plugins\org.eclipse.m2e.maven.runtime_3.8.604.20221130-2149\jars\okio-1.17.3.jar
2023-08-01 13:57:04,268 [Worker-24: Launching mavenrun-8c2f196c-5f8d-4fe4-ab66-b07b712742cb] INFO  o.eclipse.m2e.core.internal.Bundles - 	Entry: C:\Users\Dhananjay\.p2\pool\plugins\org.eclipse.m2e.maven.runtime_3.8.604.20221130-2149\jars\org.eclipse.sisu.inject-0.3.5.jar
2023-08-01 13:57:04,269 [Worker-24: Launching mavenrun-8c2f196c-5f8d-4fe4-ab66-b07b712742cb] INFO  o.eclipse.m2e.core.internal.Bundles - 	Entry: C:\Users\Dhananjay\.p2\pool\plugins\org.eclipse.m2e.maven.runtime_3.8.604.20221130-2149\jars\org.eclipse.sisu.plexus-0.3.5.jar
2023-08-01 13:57:04,269 [Worker-24: Launching mavenrun-8c2f196c-5f8d-4fe4-ab66-b07b712742cb] INFO  o.eclipse.m2e.core.internal.Bundles - 	Entry: C:\Users\Dhananjay\.p2\pool\plugins\org.eclipse.m2e.maven.runtime_3.8.604.20221130-2149\jars\plexus-build-api-0.0.7.jar
2023-08-01 13:57:04,269 [Worker-24: Launching mavenrun-8c2f196c-5f8d-4fe4-ab66-b07b712742cb] INFO  o.eclipse.m2e.core.internal.Bundles - 	Entry: C:\Users\Dhananjay\.p2\pool\plugins\org.eclipse.m2e.maven.runtime_3.8.604.20221130-2149\jars\plexus-cipher-2.0.jar
2023-08-01 13:57:04,269 [Worker-24: Launching mavenrun-8c2f196c-5f8d-4fe4-ab66-b07b712742cb] INFO  o.eclipse.m2e.core.internal.Bundles - 	Entry: C:\Users\Dhananjay\.p2\pool\plugins\org.eclipse.m2e.maven.runtime_3.8.604.20221130-2149\jars\plexus-classworlds-2.6.0.jar
2023-08-01 13:57:04,270 [Worker-24: Launching mavenrun-8c2f196c-5f8d-4fe4-ab66-b07b712742cb] INFO  o.eclipse.m2e.core.internal.Bundles - 	Entry: C:\Users\Dhananjay\.p2\pool\plugins\org.eclipse.m2e.maven.runtime_3.8.604.20221130-2149\jars\plexus-component-annotations-2.1.0.jar
2023-08-01 13:57:04,270 [Worker-24: Launching mavenrun-8c2f196c-5f8d-4fe4-ab66-b07b712742cb] INFO  o.eclipse.m2e.core.internal.Bundles - 	Entry: C:\Users\Dhananjay\.p2\pool\plugins\org.eclipse.m2e.maven.runtime_3.8.604.20221130-2149\jars\plexus-interpolation-1.26.jar
2023-08-01 13:57:04,270 [Worker-24: Launching mavenrun-8c2f196c-5f8d-4fe4-ab66-b07b712742cb] INFO  o.eclipse.m2e.core.internal.Bundles - 	Entry: C:\Users\Dhananjay\.p2\pool\plugins\org.eclipse.m2e.maven.runtime_3.8.604.20221130-2149\jars\plexus-sec-dispatcher-2.0.jar
2023-08-01 13:57:04,270 [Worker-24: Launching mavenrun-8c2f196c-5f8d-4fe4-ab66-b07b712742cb] INFO  o.eclipse.m2e.core.internal.Bundles - 	Entry: C:\Users\Dhananjay\.p2\pool\plugins\org.eclipse.m2e.maven.runtime_3.8.604.20221130-2149\jars\plexus-utils-3.3.1.jar
2023-08-01 13:57:04,270 [Worker-24: Launching mavenrun-8c2f196c-5f8d-4fe4-ab66-b07b712742cb] INFO  o.eclipse.m2e.core.internal.Bundles - 	Entry: C:\Users\Dhananjay\.p2\pool\plugins\org.eclipse.m2e.maven.runtime_3.8.604.20221130-2149\jars\wagon-file-3.5.1.jar
2023-08-01 13:57:04,270 [Worker-24: Launching mavenrun-8c2f196c-5f8d-4fe4-ab66-b07b712742cb] INFO  o.eclipse.m2e.core.internal.Bundles - 	Entry: C:\Users\Dhananjay\.p2\pool\plugins\org.eclipse.m2e.maven.runtime_3.8.604.20221130-2149\jars\wagon-provider-api-3.5.1.jar
2023-08-01 13:57:04,275 [Worker-24: Launching mavenrun-8c2f196c-5f8d-4fe4-ab66-b07b712742cb] INFO  o.eclipse.m2e.core.internal.Bundles - getClasspathEntries(Bundle=com.google.guava_30.1.0.v20221112-0806 [944])
2023-08-01 13:57:04,279 [Worker-24: Launching mavenrun-8c2f196c-5f8d-4fe4-ab66-b07b712742cb] INFO  o.eclipse.m2e.core.internal.Bundles - 	Entry: C:\Users\Dhananjay\.p2\pool\plugins\com.google.guava_30.1.0.v20221112-0806.jar
2023-08-01 13:57:04,279 [Worker-24: Launching mavenrun-8c2f196c-5f8d-4fe4-ab66-b07b712742cb] INFO  o.eclipse.m2e.core.internal.Bundles - getClasspathEntries(Bundle=slf4j.api_1.7.36 [1664])
2023-08-01 13:57:04,495 [Worker-24: Launching mavenrun-8c2f196c-5f8d-4fe4-ab66-b07b712742cb] INFO  o.eclipse.m2e.core.internal.Bundles - 	Entry: C:\Users\Dhananjay\.p2\pool\plugins\slf4j.api_1.7.36.jar
2023-08-01 13:57:04,495 [Worker-24: Launching mavenrun-8c2f196c-5f8d-4fe4-ab66-b07b712742cb] INFO  o.eclipse.m2e.core.internal.Bundles - getClasspathEntries(Bundle=javax.inject_1.0.0.v20220405-0441 [959])
2023-08-01 13:57:05,101 [Worker-24: Launching mavenrun-8c2f196c-5f8d-4fe4-ab66-b07b712742cb] INFO  o.eclipse.m2e.core.internal.Bundles - 	Entry: C:\Users\Dhananjay\.p2\pool\plugins\javax.inject_1.0.0.v20220405-0441.jar
2023-08-01 13:57:05,101 [Worker-24: Launching mavenrun-8c2f196c-5f8d-4fe4-ab66-b07b712742cb] INFO  o.eclipse.m2e.core.internal.Bundles - getClasspathEntries(Bundle=javax.annotation_1.3.5.v20221112-0806 [1455])
2023-08-01 13:57:05,499 [Worker-24: Launching mavenrun-8c2f196c-5f8d-4fe4-ab66-b07b712742cb] INFO  o.eclipse.m2e.core.internal.Bundles - 	Entry: C:\Users\Dhananjay\.p2\pool\plugins\javax.annotation_1.3.5.v20221112-0806.jar
2023-08-01 13:57:05,536 [Worker-24: Launching mavenrun-8c2f196c-5f8d-4fe4-ab66-b07b712742cb] INFO  o.e.m.i.launch.MavenLaunchDelegate - Run build in "C:\Users\Dhananjay\AppData\Local\Temp\m2e-archetypeGenerator15147131548630974301":
2023-08-01 13:57:05,582 [Worker-24: Launching mavenrun-8c2f196c-5f8d-4fe4-ab66-b07b712742cb] INFO  o.e.m.i.launch.MavenLaunchDelegate -  mvn  -DarchetypeGroupId=org.apache.maven.archetypes -DarchetypeArtifactId=maven-archetype-quickstart -DarchetypeVersion=1.4 -DgroupId=com.jspiders -DartifactId=hibernate -Dversion=0.0.1-SNAPSHOT -Dpackage=com.jspiders.hibernate -DoutputDirectory="C:\Users\Dhananjay\Desktop\J2EE Workspaces\WEJA2" -B -Dstyle.color=always -U archetype:generate
2023-08-01 13:57:17,452 [Worker-13: Creating maven-archetype-quickstart] INFO  o.e.m.c.i.p.ProjectConfigurationManager - Collecting project info '/pom.xml' C:\Users\Dhananjay\Desktop\J2EE Workspaces\WEJA2\hibernate\pom.xml
2023-08-01 13:57:22,933 [Worker-13: Creating maven-archetype-quickstart] INFO  o.e.m.c.i.l.LifecycleMappingFactory - Using org.eclipse.m2e.jdt.JarLifecycleMapping lifecycle mapping for MavenProject: com.jspiders:hibernate:0.0.1-SNAPSHOT @ C:\Users\Dhananjay\Desktop\J2EE Workspaces\WEJA2\hibernate\pom.xml.
2023-08-01 13:57:24,521 [Worker-13: Creating maven-archetype-quickstart] INFO  o.e.m.j.i.AbstractJavaProjectConfigurator - Adding source folder /hibernate/src/main/java
2023-08-01 13:57:24,532 [Worker-13: Creating maven-archetype-quickstart] INFO  o.e.m.j.i.AbstractJavaProjectConfigurator - Adding source folder /hibernate/src/test/java
2023-08-01 13:57:24,927 [Worker-13: Creating maven-archetype-quickstart] INFO  o.e.m.c.i.p.ProjectConfigurationManager - Imported and configured 1 project(s) in 7 sec
2023-08-01 13:57:25,721 [Worker-26: Building] INFO  o.e.m.c.i.embedder.EclipseLogger - Using 'UTF-8' encoding to copy filtered resources.
2023-08-01 13:57:25,722 [Worker-26: Building] INFO  o.e.m.c.i.embedder.EclipseLogger - skip non existing resourceDirectory C:\Users\Dhananjay\Desktop\J2EE Workspaces\WEJA2\hibernate\src\main\resources
2023-08-01 13:57:25,724 [Worker-26: Building] INFO  o.e.m.c.i.embedder.EclipseLogger - Using 'UTF-8' encoding to copy filtered resources.
2023-08-01 13:57:25,725 [Worker-26: Building] INFO  o.e.m.c.i.embedder.EclipseLogger - skip non existing resourceDirectory C:\Users\Dhananjay\Desktop\J2EE Workspaces\WEJA2\hibernate\src\test\resources
2023-08-02 12:22:12,523 [Worker-3: Loading available Gradle versions] INFO  o.e.b.c.i.u.g.PublishedGradleVersions - Gradle version information cache is up-to-date. Trying to read.
2023-08-02 13:04:16,127 [Worker-10: Launching mavenrun-004af72d-4341-4069-badd-5e25c6ce7d28] INFO  o.eclipse.m2e.core.internal.Bundles - getClasspathEntries(Bundle=org.eclipse.m2e.maven.runtime_3.8.604.20221130-2149 [1586])
2023-08-02 13:04:16,310 [Worker-10: Launching mavenrun-004af72d-4341-4069-badd-5e25c6ce7d28] INFO  o.eclipse.m2e.core.internal.Bundles - 	Entry: C:\Users\Dhananjay\.p2\pool\plugins\org.eclipse.m2e.maven.runtime_3.8.604.20221130-2149
2023-08-02 13:04:16,311 [Worker-10: Launching mavenrun-004af72d-4341-4069-badd-5e25c6ce7d28] INFO  o.eclipse.m2e.core.internal.Bundles - 	Entry: C:\Users\Dhananjay\.p2\pool\plugins\org.eclipse.m2e.maven.runtime_3.8.604.20221130-2149\jars\aether-connector-okhttp-0.17.8.jar
2023-08-02 13:04:16,311 [Worker-10: Launching mavenrun-004af72d-4341-4069-badd-5e25c6ce7d28] INFO  o.eclipse.m2e.core.internal.Bundles - 	Entry: C:\Users\Dhananjay\.p2\pool\plugins\org.eclipse.m2e.maven.runtime_3.8.604.20221130-2149\jars\commons-cli-1.4.jar
2023-08-02 13:04:16,311 [Worker-10: Launching mavenrun-004af72d-4341-4069-badd-5e25c6ce7d28] INFO  o.eclipse.m2e.core.internal.Bundles - 	Entry: C:\Users\Dhananjay\.p2\pool\plugins\org.eclipse.m2e.maven.runtime_3.8.604.20221130-2149\jars\commons-io-2.6.jar
2023-08-02 13:04:16,311 [Worker-10: Launching mavenrun-004af72d-4341-4069-badd-5e25c6ce7d28] INFO  o.eclipse.m2e.core.internal.Bundles - 	Entry: C:\Users\Dhananjay\.p2\pool\plugins\org.eclipse.m2e.maven.runtime_3.8.604.20221130-2149\jars\commons-lang3-3.8.1.jar
2023-08-02 13:04:16,311 [Worker-10: Launching mavenrun-004af72d-4341-4069-badd-5e25c6ce7d28] INFO  o.eclipse.m2e.core.internal.Bundles - 	Entry: C:\Users\Dhananjay\.p2\pool\plugins\org.eclipse.m2e.maven.runtime_3.8.604.20221130-2149\jars\guice-4.2.2-no_aop.jar
2023-08-02 13:04:16,311 [Worker-10: Launching mavenrun-004af72d-4341-4069-badd-5e25c6ce7d28] INFO  o.eclipse.m2e.core.internal.Bundles - 	Entry: C:\Users\Dhananjay\.p2\pool\plugins\org.eclipse.m2e.maven.runtime_3.8.604.20221130-2149\jars\jansi-2.4.0.jar
2023-08-02 13:04:16,311 [Worker-10: Launching mavenrun-004af72d-4341-4069-badd-5e25c6ce7d28] INFO  o.eclipse.m2e.core.internal.Bundles - 	Entry: C:\Users\Dhananjay\.p2\pool\plugins\org.eclipse.m2e.maven.runtime_3.8.604.20221130-2149\jars\maven-artifact-3.8.6.jar
2023-08-02 13:04:16,312 [Worker-10: Launching mavenrun-004af72d-4341-4069-badd-5e25c6ce7d28] INFO  o.eclipse.m2e.core.internal.Bundles - 	Entry: C:\Users\Dhananjay\.p2\pool\plugins\org.eclipse.m2e.maven.runtime_3.8.604.20221130-2149\jars\maven-builder-support-3.8.6.jar
2023-08-02 13:04:16,312 [Worker-10: Launching mavenrun-004af72d-4341-4069-badd-5e25c6ce7d28] INFO  o.eclipse.m2e.core.internal.Bundles - 	Entry: C:\Users\Dhananjay\.p2\pool\plugins\org.eclipse.m2e.maven.runtime_3.8.604.20221130-2149\jars\maven-compat-3.8.6.jar
2023-08-02 13:04:16,312 [Worker-10: Launching mavenrun-004af72d-4341-4069-badd-5e25c6ce7d28] INFO  o.eclipse.m2e.core.internal.Bundles - 	Entry: C:\Users\Dhananjay\.p2\pool\plugins\org.eclipse.m2e.maven.runtime_3.8.604.20221130-2149\jars\maven-core-3.8.6.jar
2023-08-02 13:04:16,312 [Worker-10: Launching mavenrun-004af72d-4341-4069-badd-5e25c6ce7d28] INFO  o.eclipse.m2e.core.internal.Bundles - 	Entry: C:\Users\Dhananjay\.p2\pool\plugins\org.eclipse.m2e.maven.runtime_3.8.604.20221130-2149\jars\maven-embedder-3.8.6.jar
2023-08-02 13:04:16,312 [Worker-10: Launching mavenrun-004af72d-4341-4069-badd-5e25c6ce7d28] INFO  o.eclipse.m2e.core.internal.Bundles - 	Entry: C:\Users\Dhananjay\.p2\pool\plugins\org.eclipse.m2e.maven.runtime_3.8.604.20221130-2149\jars\maven-model-3.8.6.jar
2023-08-02 13:04:16,312 [Worker-10: Launching mavenrun-004af72d-4341-4069-badd-5e25c6ce7d28] INFO  o.eclipse.m2e.core.internal.Bundles - 	Entry: C:\Users\Dhananjay\.p2\pool\plugins\org.eclipse.m2e.maven.runtime_3.8.604.20221130-2149\jars\maven-model-builder-3.8.6.jar
2023-08-02 13:04:16,312 [Worker-10: Launching mavenrun-004af72d-4341-4069-badd-5e25c6ce7d28] INFO  o.eclipse.m2e.core.internal.Bundles - 	Entry: C:\Users\Dhananjay\.p2\pool\plugins\org.eclipse.m2e.maven.runtime_3.8.604.20221130-2149\jars\maven-plugin-api-3.8.6.jar
2023-08-02 13:04:16,312 [Worker-10: Launching mavenrun-004af72d-4341-4069-badd-5e25c6ce7d28] INFO  o.eclipse.m2e.core.internal.Bundles - 	Entry: C:\Users\Dhananjay\.p2\pool\plugins\org.eclipse.m2e.maven.runtime_3.8.604.20221130-2149\jars\maven-repository-metadata-3.8.6.jar
2023-08-02 13:04:16,312 [Worker-10: Launching mavenrun-004af72d-4341-4069-badd-5e25c6ce7d28] INFO  o.eclipse.m2e.core.internal.Bundles - 	Entry: C:\Users\Dhananjay\.p2\pool\plugins\org.eclipse.m2e.maven.runtime_3.8.604.20221130-2149\jars\maven-resolver-api-1.6.3.jar
2023-08-02 13:04:16,312 [Worker-10: Launching mavenrun-004af72d-4341-4069-badd-5e25c6ce7d28] INFO  o.eclipse.m2e.core.internal.Bundles - 	Entry: C:\Users\Dhananjay\.p2\pool\plugins\org.eclipse.m2e.maven.runtime_3.8.604.20221130-2149\jars\maven-resolver-connector-basic-1.6.3.jar
2023-08-02 13:04:16,312 [Worker-10: Launching mavenrun-004af72d-4341-4069-badd-5e25c6ce7d28] INFO  o.eclipse.m2e.core.internal.Bundles - 	Entry: C:\Users\Dhananjay\.p2\pool\plugins\org.eclipse.m2e.maven.runtime_3.8.604.20221130-2149\jars\maven-resolver-impl-1.6.3.jar
2023-08-02 13:04:16,313 [Worker-10: Launching mavenrun-004af72d-4341-4069-badd-5e25c6ce7d28] INFO  o.eclipse.m2e.core.internal.Bundles - 	Entry: C:\Users\Dhananjay\.p2\pool\plugins\org.eclipse.m2e.maven.runtime_3.8.604.20221130-2149\jars\maven-resolver-provider-3.8.6.jar
2023-08-02 13:04:16,313 [Worker-10: Launching mavenrun-004af72d-4341-4069-badd-5e25c6ce7d28] INFO  o.eclipse.m2e.core.internal.Bundles - 	Entry: C:\Users\Dhananjay\.p2\pool\plugins\org.eclipse.m2e.maven.runtime_3.8.604.20221130-2149\jars\maven-resolver-spi-1.6.3.jar
2023-08-02 13:04:16,313 [Worker-10: Launching mavenrun-004af72d-4341-4069-badd-5e25c6ce7d28] INFO  o.eclipse.m2e.core.internal.Bundles - 	Entry: C:\Users\Dhananjay\.p2\pool\plugins\org.eclipse.m2e.maven.runtime_3.8.604.20221130-2149\jars\maven-resolver-transport-wagon-1.6.3.jar
2023-08-02 13:04:16,313 [Worker-10: Launching mavenrun-004af72d-4341-4069-badd-5e25c6ce7d28] INFO  o.eclipse.m2e.core.internal.Bundles - 	Entry: C:\Users\Dhananjay\.p2\pool\plugins\org.eclipse.m2e.maven.runtime_3.8.604.20221130-2149\jars\maven-resolver-util-1.6.3.jar
2023-08-02 13:04:16,313 [Worker-10: Launching mavenrun-004af72d-4341-4069-badd-5e25c6ce7d28] INFO  o.eclipse.m2e.core.internal.Bundles - 	Entry: C:\Users\Dhananjay\.p2\pool\plugins\org.eclipse.m2e.maven.runtime_3.8.604.20221130-2149\jars\maven-settings-3.8.6.jar
2023-08-02 13:04:16,313 [Worker-10: Launching mavenrun-004af72d-4341-4069-badd-5e25c6ce7d28] INFO  o.eclipse.m2e.core.internal.Bundles - 	Entry: C:\Users\Dhananjay\.p2\pool\plugins\org.eclipse.m2e.maven.runtime_3.8.604.20221130-2149\jars\maven-settings-builder-3.8.6.jar
2023-08-02 13:04:16,313 [Worker-10: Launching mavenrun-004af72d-4341-4069-badd-5e25c6ce7d28] INFO  o.eclipse.m2e.core.internal.Bundles - 	Entry: C:\Users\Dhananjay\.p2\pool\plugins\org.eclipse.m2e.maven.runtime_3.8.604.20221130-2149\jars\maven-shared-utils-3.3.4.jar
2023-08-02 13:04:16,313 [Worker-10: Launching mavenrun-004af72d-4341-4069-badd-5e25c6ce7d28] INFO  o.eclipse.m2e.core.internal.Bundles - 	Entry: C:\Users\Dhananjay\.p2\pool\plugins\org.eclipse.m2e.maven.runtime_3.8.604.20221130-2149\jars\okhttp-3.14.1.jar
2023-08-02 13:04:16,313 [Worker-10: Launching mavenrun-004af72d-4341-4069-badd-5e25c6ce7d28] INFO  o.eclipse.m2e.core.internal.Bundles - 	Entry: C:\Users\Dhananjay\.p2\pool\plugins\org.eclipse.m2e.maven.runtime_3.8.604.20221130-2149\jars\okio-1.17.3.jar
2023-08-02 13:04:16,313 [Worker-10: Launching mavenrun-004af72d-4341-4069-badd-5e25c6ce7d28] INFO  o.eclipse.m2e.core.internal.Bundles - 	Entry: C:\Users\Dhananjay\.p2\pool\plugins\org.eclipse.m2e.maven.runtime_3.8.604.20221130-2149\jars\org.eclipse.sisu.inject-0.3.5.jar
2023-08-02 13:04:16,313 [Worker-10: Launching mavenrun-004af72d-4341-4069-badd-5e25c6ce7d28] INFO  o.eclipse.m2e.core.internal.Bundles - 	Entry: C:\Users\Dhananjay\.p2\pool\plugins\org.eclipse.m2e.maven.runtime_3.8.604.20221130-2149\jars\org.eclipse.sisu.plexus-0.3.5.jar
2023-08-02 13:04:16,313 [Worker-10: Launching mavenrun-004af72d-4341-4069-badd-5e25c6ce7d28] INFO  o.eclipse.m2e.core.internal.Bundles - 	Entry: C:\Users\Dhananjay\.p2\pool\plugins\org.eclipse.m2e.maven.runtime_3.8.604.20221130-2149\jars\plexus-build-api-0.0.7.jar
2023-08-02 13:04:16,313 [Worker-10: Launching mavenrun-004af72d-4341-4069-badd-5e25c6ce7d28] INFO  o.eclipse.m2e.core.internal.Bundles - 	Entry: C:\Users\Dhananjay\.p2\pool\plugins\org.eclipse.m2e.maven.runtime_3.8.604.20221130-2149\jars\plexus-cipher-2.0.jar
2023-08-02 13:04:16,314 [Worker-10: Launching mavenrun-004af72d-4341-4069-badd-5e25c6ce7d28] INFO  o.eclipse.m2e.core.internal.Bundles - 	Entry: C:\Users\Dhananjay\.p2\pool\plugins\org.eclipse.m2e.maven.runtime_3.8.604.20221130-2149\jars\plexus-classworlds-2.6.0.jar
2023-08-02 13:04:16,314 [Worker-10: Launching mavenrun-004af72d-4341-4069-badd-5e25c6ce7d28] INFO  o.eclipse.m2e.core.internal.Bundles - 	Entry: C:\Users\Dhananjay\.p2\pool\plugins\org.eclipse.m2e.maven.runtime_3.8.604.20221130-2149\jars\plexus-component-annotations-2.1.0.jar
2023-08-02 13:04:16,314 [Worker-10: Launching mavenrun-004af72d-4341-4069-badd-5e25c6ce7d28] INFO  o.eclipse.m2e.core.internal.Bundles - 	Entry: C:\Users\Dhananjay\.p2\pool\plugins\org.eclipse.m2e.maven.runtime_3.8.604.20221130-2149\jars\plexus-interpolation-1.26.jar
2023-08-02 13:04:16,314 [Worker-10: Launching mavenrun-004af72d-4341-4069-badd-5e25c6ce7d28] INFO  o.eclipse.m2e.core.internal.Bundles - 	Entry: C:\Users\Dhananjay\.p2\pool\plugins\org.eclipse.m2e.maven.runtime_3.8.604.20221130-2149\jars\plexus-sec-dispatcher-2.0.jar
2023-08-02 13:04:16,314 [Worker-10: Launching mavenrun-004af72d-4341-4069-badd-5e25c6ce7d28] INFO  o.eclipse.m2e.core.internal.Bundles - 	Entry: C:\Users\Dhananjay\.p2\pool\plugins\org.eclipse.m2e.maven.runtime_3.8.604.20221130-2149\jars\plexus-utils-3.3.1.jar
2023-08-02 13:04:16,314 [Worker-10: Launching mavenrun-004af72d-4341-4069-badd-5e25c6ce7d28] INFO  o.eclipse.m2e.core.internal.Bundles - 	Entry: C:\Users\Dhananjay\.p2\pool\plugins\org.eclipse.m2e.maven.runtime_3.8.604.20221130-2149\jars\wagon-file-3.5.1.jar
2023-08-02 13:04:16,314 [Worker-10: Launching mavenrun-004af72d-4341-4069-badd-5e25c6ce7d28] INFO  o.eclipse.m2e.core.internal.Bundles - 	Entry: C:\Users\Dhananjay\.p2\pool\plugins\org.eclipse.m2e.maven.runtime_3.8.604.20221130-2149\jars\wagon-provider-api-3.5.1.jar
2023-08-02 13:04:16,317 [Worker-10: Launching mavenrun-004af72d-4341-4069-badd-5e25c6ce7d28] INFO  o.eclipse.m2e.core.internal.Bundles - getClasspathEntries(Bundle=com.google.guava_30.1.0.v20221112-0806 [944])
2023-08-02 13:04:16,319 [Worker-10: Launching mavenrun-004af72d-4341-4069-badd-5e25c6ce7d28] INFO  o.eclipse.m2e.core.internal.Bundles - 	Entry: C:\Users\Dhananjay\.p2\pool\plugins\com.google.guava_30.1.0.v20221112-0806.jar
2023-08-02 13:04:16,320 [Worker-10: Launching mavenrun-004af72d-4341-4069-badd-5e25c6ce7d28] INFO  o.eclipse.m2e.core.internal.Bundles - getClasspathEntries(Bundle=slf4j.api_1.7.36 [1664])
2023-08-02 13:04:16,320 [Worker-10: Launching mavenrun-004af72d-4341-4069-badd-5e25c6ce7d28] INFO  o.eclipse.m2e.core.internal.Bundles - 	Entry: C:\Users\Dhananjay\.p2\pool\plugins\slf4j.api_1.7.36.jar
2023-08-02 13:04:16,320 [Worker-10: Launching mavenrun-004af72d-4341-4069-badd-5e25c6ce7d28] INFO  o.eclipse.m2e.core.internal.Bundles - getClasspathEntries(Bundle=javax.inject_1.0.0.v20220405-0441 [959])
2023-08-02 13:04:16,322 [Worker-10: Launching mavenrun-004af72d-4341-4069-badd-5e25c6ce7d28] INFO  o.eclipse.m2e.core.internal.Bundles - 	Entry: C:\Users\Dhananjay\.p2\pool\plugins\javax.inject_1.0.0.v20220405-0441.jar
2023-08-02 13:04:16,322 [Worker-10: Launching mavenrun-004af72d-4341-4069-badd-5e25c6ce7d28] INFO  o.eclipse.m2e.core.internal.Bundles - getClasspathEntries(Bundle=javax.annotation_1.3.5.v20221112-0806 [1455])
2023-08-02 13:04:16,324 [Worker-10: Launching mavenrun-004af72d-4341-4069-badd-5e25c6ce7d28] INFO  o.eclipse.m2e.core.internal.Bundles - 	Entry: C:\Users\Dhananjay\.p2\pool\plugins\javax.annotation_1.3.5.v20221112-0806.jar
2023-08-02 13:04:16,332 [Worker-10: Launching mavenrun-004af72d-4341-4069-badd-5e25c6ce7d28] INFO  o.e.m.i.launch.MavenLaunchDelegate - Run build in "C:\Users\Dhananjay\AppData\Local\Temp\m2e-archetypeGenerator8141585297069224971":
2023-08-02 13:04:16,355 [Worker-10: Launching mavenrun-004af72d-4341-4069-badd-5e25c6ce7d28] INFO  o.e.m.i.launch.MavenLaunchDelegate -  mvn  -DarchetypeGroupId=org.apache.maven.archetypes -DarchetypeArtifactId=maven-archetype-quickstart -DarchetypeVersion=1.4 -DgroupId=com.jspiders -DartifactId=hibernate -Dversion=0.0.1-SNAPSHOT -Dpackage=com.jspiders.hibernate -DoutputDirectory="C:\Users\Dhananjay\Desktop\J2EE Workspaces\WEJA2" -B -Dstyle.color=always -U archetype:generate
2023-08-02 13:04:28,231 [Worker-23: Creating maven-archetype-quickstart] INFO  o.e.m.c.i.p.ProjectConfigurationManager - Collecting project info '/pom.xml' C:\Users\Dhananjay\Desktop\J2EE Workspaces\WEJA2\hibernate\pom.xml
2023-08-02 13:04:30,721 [Worker-23: Creating maven-archetype-quickstart] INFO  o.e.m.c.i.l.LifecycleMappingFactory - Using org.eclipse.m2e.jdt.JarLifecycleMapping lifecycle mapping for MavenProject: com.jspiders:hibernate:0.0.1-SNAPSHOT @ C:\Users\Dhananjay\Desktop\J2EE Workspaces\WEJA2\hibernate\pom.xml.
2023-08-02 13:04:31,984 [Worker-23: Creating maven-archetype-quickstart] INFO  o.e.m.j.i.AbstractJavaProjectConfigurator - Adding source folder /hibernate/src/main/java
2023-08-02 13:04:31,993 [Worker-23: Creating maven-archetype-quickstart] INFO  o.e.m.j.i.AbstractJavaProjectConfigurator - Adding source folder /hibernate/src/test/java
2023-08-02 13:04:32,335 [Worker-23: Creating maven-archetype-quickstart] INFO  o.e.m.c.i.p.ProjectConfigurationManager - Imported and configured 1 project(s) in 4 sec
2023-08-02 13:04:33,400 [Worker-10: Building] INFO  o.e.m.c.i.embedder.EclipseLogger - Using 'UTF-8' encoding to copy filtered resources.
2023-08-02 13:04:33,400 [Worker-10: Building] INFO  o.e.m.c.i.embedder.EclipseLogger - skip non existing resourceDirectory C:\Users\Dhananjay\Desktop\J2EE Workspaces\WEJA2\hibernate\src\main\resources
2023-08-02 13:04:33,402 [Worker-10: Building] INFO  o.e.m.c.i.embedder.EclipseLogger - Using 'UTF-8' encoding to copy filtered resources.
2023-08-02 13:04:33,403 [Worker-10: Building] INFO  o.e.m.c.i.embedder.EclipseLogger - skip non existing resourceDirectory C:\Users\Dhananjay\Desktop\J2EE Workspaces\WEJA2\hibernate\src\test\resources
2023-08-02 13:09:05,541 [Worker-30: Building] INFO  o.e.m.c.i.embedder.EclipseLogger - Using 'UTF-8' encoding to copy filtered resources.
2023-08-02 13:09:05,542 [Worker-30: Building] INFO  o.e.m.c.i.embedder.EclipseLogger - skip non existing resourceDirectory C:\Users\Dhananjay\Desktop\J2EE Workspaces\WEJA2\hibernate\src\main\resources
2023-08-02 13:09:05,544 [Worker-30: Building] INFO  o.e.m.c.i.embedder.EclipseLogger - Using 'UTF-8' encoding to copy filtered resources.
2023-08-02 13:09:05,544 [Worker-30: Building] INFO  o.e.m.c.i.embedder.EclipseLogger - skip non existing resourceDirectory C:\Users\Dhananjay\Desktop\J2EE Workspaces\WEJA2\hibernate\src\test\resources
2023-08-02 13:09:17,407 [Worker-31: Building] INFO  o.e.m.c.i.embedder.EclipseLogger - Using 'UTF-8' encoding to copy filtered resources.
2023-08-02 13:09:17,408 [Worker-31: Building] INFO  o.e.m.c.i.embedder.EclipseLogger - skip non existing resourceDirectory C:\Users\Dhananjay\Desktop\J2EE Workspaces\WEJA2\hibernate\src\main\resources
2023-08-02 13:09:17,410 [Worker-31: Building] INFO  o.e.m.c.i.embedder.EclipseLogger - Using 'UTF-8' encoding to copy filtered resources.
2023-08-02 13:09:17,410 [Worker-31: Building] INFO  o.e.m.c.i.embedder.EclipseLogger - skip non existing resourceDirectory C:\Users\Dhananjay\Desktop\J2EE Workspaces\WEJA2\hibernate\src\test\resources
2023-08-02 13:14:03,866 [Worker-32: Building] INFO  o.e.m.c.i.embedder.EclipseLogger - Using 'UTF-8' encoding to copy filtered resources.
2023-08-02 13:14:03,875 [Worker-32: Building] INFO  o.e.m.c.i.embedder.EclipseLogger - Copying 0 resource
2023-08-02 13:14:03,878 [Worker-32: Building] INFO  o.e.m.c.i.embedder.EclipseLogger - Using 'UTF-8' encoding to copy filtered resources.
2023-08-02 13:14:03,878 [Worker-32: Building] INFO  o.e.m.c.i.embedder.EclipseLogger - skip non existing resourceDirectory C:\Users\Dhananjay\Desktop\J2EE Workspaces\WEJA2\hibernate\src\test\resources
2023-08-02 13:18:47,748 [Worker-30: Building] INFO  o.e.m.c.i.embedder.EclipseLogger - Using 'UTF-8' encoding to copy filtered resources.
2023-08-02 13:18:47,752 [Worker-30: Building] INFO  o.e.m.c.i.embedder.EclipseLogger - Copying 0 resource
2023-08-02 13:18:47,756 [Worker-30: Building] INFO  o.e.m.c.i.embedder.EclipseLogger - Using 'UTF-8' encoding to copy filtered resources.
2023-08-02 13:18:47,756 [Worker-30: Building] INFO  o.e.m.c.i.embedder.EclipseLogger - skip non existing resourceDirectory C:\Users\Dhananjay\Desktop\J2EE Workspaces\WEJA2\hibernate\src\test\resources
2023-08-02 13:20:29,632 [Worker-38: Building] INFO  o.e.m.c.i.embedder.EclipseLogger - Using 'UTF-8' encoding to copy filtered resources.
2023-08-02 13:20:29,634 [Worker-38: Building] INFO  o.e.m.c.i.embedder.EclipseLogger - Copying 1 resource
2023-08-02 13:20:29,638 [Worker-38: Building] INFO  o.e.m.c.i.embedder.EclipseLogger - Using 'UTF-8' encoding to copy filtered resources.
2023-08-02 13:20:29,639 [Worker-38: Building] INFO  o.e.m.c.i.embedder.EclipseLogger - skip non existing resourceDirectory C:\Users\Dhananjay\Desktop\J2EE Workspaces\WEJA2\hibernate\src\test\resources
2023-08-02 13:35:24,881 [Worker-41: Building] INFO  o.e.m.c.i.l.LifecycleMappingFactory - Using org.eclipse.m2e.jdt.JarLifecycleMapping lifecycle mapping for MavenProject: com.jspiders:hibernate:0.0.1-SNAPSHOT @ C:\Users\Dhananjay\Desktop\J2EE Workspaces\WEJA2\hibernate\pom.xml.
2023-08-02 13:35:26,177 [Worker-42: Download sources and javadoc] INFO  o.e.m.c.i.e.AbstractTransferListenerAdapter - Downloading https://repo.maven.apache.org/maven2/org/hibernate/hibernate-core/5.6.15.Final/hibernate-core-5.6.15.Final-sources.jar
2023-08-02 13:35:26,459 [Worker-41: Building] INFO  o.e.m.c.i.embedder.EclipseLogger - Using 'UTF-8' encoding to copy filtered resources.
2023-08-02 13:35:26,461 [Worker-41: Building] INFO  o.e.m.c.i.embedder.EclipseLogger - Copying 0 resource
2023-08-02 13:35:26,464 [Worker-41: Building] INFO  o.e.m.c.i.embedder.EclipseLogger - Using 'UTF-8' encoding to copy filtered resources.
2023-08-02 13:35:26,464 [Worker-41: Building] INFO  o.e.m.c.i.embedder.EclipseLogger - skip non existing resourceDirectory C:\Users\Dhananjay\Desktop\J2EE Workspaces\WEJA2\hibernate\src\test\resources
2023-08-02 13:35:26,832 [Worker-42: Download sources and javadoc] INFO  o.e.m.c.i.e.AbstractTransferListenerAdapter - Downloaded https://repo.maven.apache.org/maven2/org/hibernate/hibernate-core/5.6.15.Final/hibernate-core-5.6.15.Final-sources.jar
2023-08-02 13:35:26,836 [Worker-42: Download sources and javadoc] INFO  o.e.m.j.internal.DownloadSourcesJob - Downloaded sources for org.hibernate:hibernate-core:5.6.15.Final
2023-08-02 13:35:26,902 [Worker-41: Building] INFO  o.e.m.c.i.embedder.EclipseLogger - Using 'UTF-8' encoding to copy filtered resources.
2023-08-02 13:35:26,903 [Worker-41: Building] INFO  o.e.m.c.i.embedder.EclipseLogger - Copying 1 resource
2023-08-02 13:35:26,907 [Worker-41: Building] INFO  o.e.m.c.i.embedder.EclipseLogger - Using 'UTF-8' encoding to copy filtered resources.
2023-08-02 13:35:26,908 [Worker-41: Building] INFO  o.e.m.c.i.embedder.EclipseLogger - skip non existing resourceDirectory C:\Users\Dhananjay\Desktop\J2EE Workspaces\WEJA2\hibernate\src\test\resources
2023-08-02 13:35:26,925 [Worker-42: Download sources and javadoc] INFO  o.e.m.c.i.e.AbstractTransferListenerAdapter - Downloading https://repo.maven.apache.org/maven2/org/hibernate/hibernate-entitymanager/5.6.15.Final/hibernate-entitymanager-5.6.15.Final-sources.jar
2023-08-02 13:35:27,200 [Worker-42: Download sources and javadoc] INFO  o.e.m.c.i.e.AbstractTransferListenerAdapter - Downloaded https://repo.maven.apache.org/maven2/org/hibernate/hibernate-entitymanager/5.6.15.Final/hibernate-entitymanager-5.6.15.Final-sources.jar
2023-08-02 13:35:27,203 [Worker-42: Download sources and javadoc] INFO  o.e.m.j.internal.DownloadSourcesJob - Downloaded sources for org.hibernate:hibernate-entitymanager:5.6.15.Final
2023-08-02 13:35:27,987 [Worker-39: Building] INFO  o.e.m.c.i.embedder.EclipseLogger - Using 'UTF-8' encoding to copy filtered resources.
2023-08-02 13:35:27,987 [Worker-39: Building] INFO  o.e.m.c.i.embedder.EclipseLogger - Copying 0 resource
2023-08-02 13:35:27,990 [Worker-39: Building] INFO  o.e.m.c.i.embedder.EclipseLogger - Using 'UTF-8' encoding to copy filtered resources.
2023-08-02 13:35:27,990 [Worker-39: Building] INFO  o.e.m.c.i.embedder.EclipseLogger - skip non existing resourceDirectory C:\Users\Dhananjay\Desktop\J2EE Workspaces\WEJA2\hibernate\src\test\resources
2023-08-02 14:13:38,049 [Worker-4: Loading available Gradle versions] INFO  o.e.b.c.i.u.g.PublishedGradleVersions - Gradle version information cache is out-of-date. Trying to update.
2023-08-03 13:30:44,473 [Worker-62: Building] INFO  o.e.m.c.i.embedder.EclipseLogger - Using 'UTF-8' encoding to copy filtered resources.
2023-08-03 13:30:44,547 [Worker-62: Building] INFO  o.e.m.c.i.embedder.EclipseLogger - Copying 1 resource
2023-08-03 13:30:44,571 [Worker-62: Building] INFO  o.e.m.c.i.embedder.EclipseLogger - Using 'UTF-8' encoding to copy filtered resources.
2023-08-03 13:30:44,571 [Worker-62: Building] INFO  o.e.m.c.i.embedder.EclipseLogger - skip non existing resourceDirectory C:\Users\Dhananjay\Desktop\J2EE Workspaces\WEJA2\hibernate\src\test\resources
2023-08-03 13:33:01,776 [Worker-58: Building] INFO  o.e.m.c.i.embedder.EclipseLogger - Using 'UTF-8' encoding to copy filtered resources.
2023-08-03 13:33:01,789 [Worker-58: Building] INFO  o.e.m.c.i.embedder.EclipseLogger - Copying 1 resource
2023-08-03 13:33:01,791 [Worker-58: Building] INFO  o.e.m.c.i.embedder.EclipseLogger - Using 'UTF-8' encoding to copy filtered resources.
2023-08-03 13:33:01,792 [Worker-58: Building] INFO  o.e.m.c.i.embedder.EclipseLogger - skip non existing resourceDirectory C:\Users\Dhananjay\Desktop\J2EE Workspaces\WEJA2\hibernate\src\test\resources
2023-08-03 13:33:09,309 [Worker-65: Building] INFO  o.e.m.c.i.embedder.EclipseLogger - Using 'UTF-8' encoding to copy filtered resources.
2023-08-03 13:33:09,309 [Worker-65: Building] INFO  o.e.m.c.i.embedder.EclipseLogger - Copying 1 resource
2023-08-03 13:33:09,312 [Worker-65: Building] INFO  o.e.m.c.i.embedder.EclipseLogger - Using 'UTF-8' encoding to copy filtered resources.
2023-08-03 13:33:09,312 [Worker-65: Building] INFO  o.e.m.c.i.embedder.EclipseLogger - skip non existing resourceDirectory C:\Users\Dhananjay\Desktop\J2EE Workspaces\WEJA2\hibernate\src\test\resources
2023-08-03 13:33:13,024 [Worker-64: Building] INFO  o.e.m.c.i.embedder.EclipseLogger - Using 'UTF-8' encoding to copy filtered resources.
2023-08-03 13:33:13,025 [Worker-64: Building] INFO  o.e.m.c.i.embedder.EclipseLogger - Copying 1 resource
2023-08-03 13:33:13,027 [Worker-64: Building] INFO  o.e.m.c.i.embedder.EclipseLogger - Using 'UTF-8' encoding to copy filtered resources.
2023-08-03 13:33:13,027 [Worker-64: Building] INFO  o.e.m.c.i.embedder.EclipseLogger - skip non existing resourceDirectory C:\Users\Dhananjay\Desktop\J2EE Workspaces\WEJA2\hibernate\src\test\resources
2023-08-03 13:41:41,448 [Worker-68: Building] INFO  o.e.m.c.i.embedder.EclipseLogger - Using 'UTF-8' encoding to copy filtered resources.
2023-08-03 13:41:41,449 [Worker-68: Building] INFO  o.e.m.c.i.embedder.EclipseLogger - Copying 1 resource
2023-08-03 13:41:41,454 [Worker-68: Building] INFO  o.e.m.c.i.embedder.EclipseLogger - Using 'UTF-8' encoding to copy filtered resources.
2023-08-03 13:41:41,455 [Worker-68: Building] INFO  o.e.m.c.i.embedder.EclipseLogger - skip non existing resourceDirectory C:\Users\Dhananjay\Desktop\J2EE Workspaces\WEJA2\hibernate\src\test\resources
2023-08-03 13:48:39,162 [Worker-66: Building] INFO  o.e.m.c.i.embedder.EclipseLogger - Using 'UTF-8' encoding to copy filtered resources.
2023-08-03 13:48:39,163 [Worker-66: Building] INFO  o.e.m.c.i.embedder.EclipseLogger - Copying 1 resource
2023-08-03 13:48:39,165 [Worker-66: Building] INFO  o.e.m.c.i.embedder.EclipseLogger - Using 'UTF-8' encoding to copy filtered resources.
2023-08-03 13:48:39,166 [Worker-66: Building] INFO  o.e.m.c.i.embedder.EclipseLogger - skip non existing resourceDirectory C:\Users\Dhananjay\Desktop\J2EE Workspaces\WEJA2\hibernate\src\test\resources
2023-08-03 13:48:41,424 [Worker-68: Building] INFO  o.e.m.c.i.embedder.EclipseLogger - Using 'UTF-8' encoding to copy filtered resources.
2023-08-03 13:48:41,424 [Worker-68: Building] INFO  o.e.m.c.i.embedder.EclipseLogger - Copying 1 resource
2023-08-03 13:48:41,426 [Worker-68: Building] INFO  o.e.m.c.i.embedder.EclipseLogger - Using 'UTF-8' encoding to copy filtered resources.
2023-08-03 13:48:41,426 [Worker-68: Building] INFO  o.e.m.c.i.embedder.EclipseLogger - skip non existing resourceDirectory C:\Users\Dhananjay\Desktop\J2EE Workspaces\WEJA2\hibernate\src\test\resources
2023-08-03 13:52:21,482 [Worker-70: Building] INFO  o.e.m.c.i.embedder.EclipseLogger - Using 'UTF-8' encoding to copy filtered resources.
2023-08-03 13:52:21,483 [Worker-70: Building] INFO  o.e.m.c.i.embedder.EclipseLogger - Copying 1 resource
2023-08-03 13:52:21,485 [Worker-70: Building] INFO  o.e.m.c.i.embedder.EclipseLogger - Using 'UTF-8' encoding to copy filtered resources.
2023-08-03 13:52:21,485 [Worker-70: Building] INFO  o.e.m.c.i.embedder.EclipseLogger - skip non existing resourceDirectory C:\Users\Dhananjay\Desktop\J2EE Workspaces\WEJA2\hibernate\src\test\resources
2023-08-03 14:05:16,150 [Worker-69: Building] INFO  o.e.m.c.i.embedder.EclipseLogger - Using 'UTF-8' encoding to copy filtered resources.
2023-08-03 14:05:16,150 [Worker-69: Building] INFO  o.e.m.c.i.embedder.EclipseLogger - Copying 1 resource
2023-08-03 14:05:16,152 [Worker-69: Building] INFO  o.e.m.c.i.embedder.EclipseLogger - Using 'UTF-8' encoding to copy filtered resources.
2023-08-03 14:05:16,152 [Worker-69: Building] INFO  o.e.m.c.i.embedder.EclipseLogger - skip non existing resourceDirectory C:\Users\Dhananjay\Desktop\J2EE Workspaces\WEJA2\hibernate\src\test\resources
2023-08-03 14:06:49,341 [Worker-70: Building] INFO  o.e.m.c.i.embedder.EclipseLogger - Using 'UTF-8' encoding to copy filtered resources.
2023-08-03 14:06:49,352 [Worker-70: Building] INFO  o.e.m.c.i.embedder.EclipseLogger - Copying 1 resource
2023-08-03 14:06:49,354 [Worker-70: Building] INFO  o.e.m.c.i.embedder.EclipseLogger - Using 'UTF-8' encoding to copy filtered resources.
2023-08-03 14:06:49,354 [Worker-70: Building] INFO  o.e.m.c.i.embedder.EclipseLogger - skip non existing resourceDirectory C:\Users\Dhananjay\Desktop\J2EE Workspaces\WEJA2\hibernate\src\test\resources
2023-08-03 14:11:05,321 [Worker-69: Building] INFO  o.e.m.c.i.embedder.EclipseLogger - Using 'UTF-8' encoding to copy filtered resources.
2023-08-03 14:11:05,322 [Worker-69: Building] INFO  o.e.m.c.i.embedder.EclipseLogger - Copying 1 resource
2023-08-03 14:11:05,324 [Worker-69: Building] INFO  o.e.m.c.i.embedder.EclipseLogger - Using 'UTF-8' encoding to copy filtered resources.
2023-08-03 14:11:05,325 [Worker-69: Building] INFO  o.e.m.c.i.embedder.EclipseLogger - skip non existing resourceDirectory C:\Users\Dhananjay\Desktop\J2EE Workspaces\WEJA2\hibernate\src\test\resources
2023-08-03 14:11:08,932 [Worker-69: Building] INFO  o.e.m.c.i.embedder.EclipseLogger - Using 'UTF-8' encoding to copy filtered resources.
2023-08-03 14:11:08,933 [Worker-69: Building] INFO  o.e.m.c.i.embedder.EclipseLogger - Copying 1 resource
2023-08-03 14:11:08,936 [Worker-69: Building] INFO  o.e.m.c.i.embedder.EclipseLogger - Using 'UTF-8' encoding to copy filtered resources.
2023-08-03 14:11:08,936 [Worker-69: Building] INFO  o.e.m.c.i.embedder.EclipseLogger - skip non existing resourceDirectory C:\Users\Dhananjay\Desktop\J2EE Workspaces\WEJA2\hibernate\src\test\resources
2023-08-03 14:12:17,629 [Worker-75: Building] INFO  o.e.m.c.i.l.LifecycleMappingFactory - Using org.eclipse.m2e.jdt.JarLifecycleMapping lifecycle mapping for MavenProject: com.jspiders:hibernate:0.0.1-SNAPSHOT @ C:\Users\Dhananjay\Desktop\J2EE Workspaces\WEJA2\hibernate\pom.xml.
2023-08-03 14:12:19,371 [Worker-75: Building] INFO  o.e.m.c.i.embedder.EclipseLogger - Using 'UTF-8' encoding to copy filtered resources.
2023-08-03 14:12:19,374 [Worker-75: Building] INFO  o.e.m.c.i.embedder.EclipseLogger - Copying 0 resource
2023-08-03 14:12:19,378 [Worker-75: Building] INFO  o.e.m.c.i.embedder.EclipseLogger - Using 'UTF-8' encoding to copy filtered resources.
2023-08-03 14:12:19,378 [Worker-75: Building] INFO  o.e.m.c.i.embedder.EclipseLogger - skip non existing resourceDirectory C:\Users\Dhananjay\Desktop\J2EE Workspaces\WEJA2\hibernate\src\test\resources
2023-08-03 14:12:20,073 [Worker-73: Building] INFO  o.e.m.c.i.embedder.EclipseLogger - Using 'UTF-8' encoding to copy filtered resources.
2023-08-03 14:12:20,074 [Worker-73: Building] INFO  o.e.m.c.i.embedder.EclipseLogger - Copying 1 resource
2023-08-03 14:12:20,133 [Worker-73: Building] INFO  o.e.m.c.i.embedder.EclipseLogger - Using 'UTF-8' encoding to copy filtered resources.
2023-08-03 14:12:20,133 [Worker-73: Building] INFO  o.e.m.c.i.embedder.EclipseLogger - skip non existing resourceDirectory C:\Users\Dhananjay\Desktop\J2EE Workspaces\WEJA2\hibernate\src\test\resources
2023-08-03 14:12:32,664 [Start Help Server] INFO  org.eclipse.jetty.server.Server - jetty-10.0.12; built: 2022-09-14T01:54:40.076Z; git: 408d0139887e27a57b54ed52e2d92a36731a7e88; jvm 19.0.1+10
2023-08-03 14:12:32,738 [Start Help Server] INFO  o.e.j.s.s.DefaultSessionIdManager - Session workerName=node0
2023-08-03 14:12:32,876 [Start Help Server] INFO  o.e.j.server.handler.ContextHandler - Started o.e.j.s.ServletContextHandler@175d8aa1{/help,null,AVAILABLE}
2023-08-03 14:12:32,951 [Start Help Server] INFO  o.e.jetty.server.AbstractConnector - Started ServerConnector@ae4649b{HTTP/1.1, (http/1.1)}{127.0.0.1:55546}
2023-08-03 14:12:33,039 [Start Help Server] INFO  org.eclipse.jetty.server.Server - Started Server@49b1d265{STARTING}[10.0.12,sto=0] @86470494ms
2023-08-03 14:13:03,560 [Worker-75: Building] INFO  o.e.m.c.i.embedder.EclipseLogger - Using 'UTF-8' encoding to copy filtered resources.
2023-08-03 14:13:03,561 [Worker-75: Building] INFO  o.e.m.c.i.embedder.EclipseLogger - Copying 1 resource
2023-08-03 14:13:03,564 [Worker-75: Building] INFO  o.e.m.c.i.embedder.EclipseLogger - Using 'UTF-8' encoding to copy filtered resources.
2023-08-03 14:13:03,564 [Worker-75: Building] INFO  o.e.m.c.i.embedder.EclipseLogger - skip non existing resourceDirectory C:\Users\Dhananjay\Desktop\J2EE Workspaces\WEJA2\hibernate\src\test\resources
2023-08-03 14:13:08,533 [Worker-73: Building] INFO  o.e.m.c.i.embedder.EclipseLogger - Using 'UTF-8' encoding to copy filtered resources.
2023-08-03 14:13:08,534 [Worker-73: Building] INFO  o.e.m.c.i.embedder.EclipseLogger - Copying 1 resource
2023-08-03 14:13:08,536 [Worker-73: Building] INFO  o.e.m.c.i.embedder.EclipseLogger - Using 'UTF-8' encoding to copy filtered resources.
2023-08-03 14:13:08,536 [Worker-73: Building] INFO  o.e.m.c.i.embedder.EclipseLogger - skip non existing resourceDirectory C:\Users\Dhananjay\Desktop\J2EE Workspaces\WEJA2\hibernate\src\test\resources
2023-08-03 14:16:34,701 [Worker-75: Building] INFO  o.e.m.c.i.embedder.EclipseLogger - Using 'UTF-8' encoding to copy filtered resources.
2023-08-03 14:16:34,702 [Worker-75: Building] INFO  o.e.m.c.i.embedder.EclipseLogger - Copying 1 resource
2023-08-03 14:16:34,704 [Worker-75: Building] INFO  o.e.m.c.i.embedder.EclipseLogger - Using 'UTF-8' encoding to copy filtered resources.
2023-08-03 14:16:34,704 [Worker-75: Building] INFO  o.e.m.c.i.embedder.EclipseLogger - skip non existing resourceDirectory C:\Users\Dhananjay\Desktop\J2EE Workspaces\WEJA2\hibernate\src\test\resources
2023-08-03 14:27:35,629 [Worker-83: Building] INFO  o.e.m.c.i.embedder.EclipseLogger - Using 'UTF-8' encoding to copy filtered resources.
2023-08-03 14:27:35,631 [Worker-83: Building] INFO  o.e.m.c.i.embedder.EclipseLogger - Copying 1 resource
2023-08-03 14:27:35,633 [Worker-83: Building] INFO  o.e.m.c.i.embedder.EclipseLogger - Using 'UTF-8' encoding to copy filtered resources.
2023-08-03 14:27:35,633 [Worker-83: Building] INFO  o.e.m.c.i.embedder.EclipseLogger - skip non existing resourceDirectory C:\Users\Dhananjay\Desktop\J2EE Workspaces\WEJA2\hibernate\src\test\resources
2023-08-03 14:27:55,665 [Worker-82: Building] INFO  o.e.m.c.i.embedder.EclipseLogger - Using 'UTF-8' encoding to copy filtered resources.
2023-08-03 14:27:55,666 [Worker-82: Building] INFO  o.e.m.c.i.embedder.EclipseLogger - Copying 1 resource
2023-08-03 14:27:55,701 [Worker-82: Building] INFO  o.e.m.c.i.embedder.EclipseLogger - Using 'UTF-8' encoding to copy filtered resources.
2023-08-03 14:27:55,701 [Worker-82: Building] INFO  o.e.m.c.i.embedder.EclipseLogger - skip non existing resourceDirectory C:\Users\Dhananjay\Desktop\J2EE Workspaces\WEJA2\hibernate\src\test\resources
2023-08-03 14:39:45,735 [Stop Help Server] INFO  org.eclipse.jetty.server.Server - Stopped Server@49b1d265{STOPPING}[10.0.12,sto=0]
2023-08-03 14:39:45,811 [Stop Help Server] INFO  o.e.jetty.server.AbstractConnector - Stopped ServerConnector@ae4649b{HTTP/1.1, (http/1.1)}{127.0.0.1:0}
2023-08-03 14:39:45,832 [Stop Help Server] INFO  o.e.j.server.handler.ContextHandler - Stopped o.e.j.s.ServletContextHandler@175d8aa1{/help,null,STOPPED}
>>>>>>> 87a12c5648ef9689dbd192390097bb44a8a638de
